11:26:42.097 logback-mybatis [main] INFO  com.example.Demo2Application - Starting Demo2Application on PC201803081006 with PID 4628 (E:\learn\workspace-sts-3.6.3.SR1\demo2\target\classes started by Administrator in E:\learn\workspace-sts-3.6.3.SR1\demo2)
11:26:42.105 logback-mybatis [main] INFO  com.example.Demo2Application - No active profile set, falling back to default profiles: default
11:26:42.253 logback-mybatis [main] INFO  o.s.b.w.s.c.AnnotationConfigServletWebServerApplicationContext - Refreshing org.springframework.boot.web.servlet.context.AnnotationConfigServletWebServerApplicationContext@45c7e403: startup date [Mon Aug 13 11:26:42 CST 2018]; root of context hierarchy
11:26:46.029 logback-mybatis [main] INFO  o.s.c.s.PostProcessorRegistrationDelegate$BeanPostProcessorChecker - Bean 'org.springframework.transaction.annotation.ProxyTransactionManagementConfiguration' of type [org.springframework.transaction.annotation.ProxyTransactionManagementConfiguration$$EnhancerBySpringCGLIB$$6d0aef5a] is not eligible for getting processed by all BeanPostProcessors (for example: not eligible for auto-proxying)
11:26:47.400 logback-mybatis [main] INFO  o.s.b.w.e.tomcat.TomcatWebServer - Tomcat initialized with port(s): 8081 (http)
11:26:47.428 logback-mybatis [main] INFO  o.a.coyote.http11.Http11NioProtocol - Initializing ProtocolHandler ["http-nio-8081"]
11:26:47.457 logback-mybatis [main] INFO  o.a.catalina.core.StandardService - Starting service [Tomcat]
11:26:47.458 logback-mybatis [main] INFO  o.a.catalina.core.StandardEngine - Starting Servlet Engine: Apache Tomcat/8.5.32
11:26:47.489 logback-mybatis [localhost-startStop-1] INFO  o.a.c.core.AprLifecycleListener - The APR based Apache Tomcat Native library which allows optimal performance in production environments was not found on the java.library.path: [C:\Program Files\Java\jre1.8.0_121\bin;C:\Windows\Sun\Java\bin;C:\Windows\system32;C:\Windows;C:/Program Files/Java/jre1.8.0_121/bin/server;C:/Program Files/Java/jre1.8.0_121/bin;C:/Program Files/Java/jre1.8.0_121/lib/amd64;D:\app\Administrator\product\11.2.0\dbhome_1\bin;C:\ProgramData\Oracle\Java\javapath;C:\Windows\system32;C:\Windows;C:\Windows\System32\Wbem;C:\Windows\System32\WindowsPowerShell\v1.0\;E:\mysql\bin;C:\Program Files\Java\jdk1.8.0_121\bin;C:\Program Files\Java\jdk1.8.0_121\lib\dt.jar;C:\Program Files\Java\jdk1.8.0_121\jre\bin;D:\apache-tomcat-7.0.57\lib;D:\apache-tomcat-7.0.57\lib\servlet-api.jar;D:\apache-tomcat-7.0.57\lib\jsp-api.jar;E:\learn\sts-bundle\sts-3.6.3.SR1;;.]
11:26:47.748 logback-mybatis [localhost-startStop-1] INFO  o.a.c.c.C.[Tomcat].[localhost].[/] - Initializing Spring embedded WebApplicationContext
11:26:47.749 logback-mybatis [localhost-startStop-1] INFO  o.s.web.context.ContextLoader - Root WebApplicationContext: initialization completed in 5495 ms
11:26:49.778 logback-mybatis [localhost-startStop-1] INFO  o.s.b.w.s.FilterRegistrationBean - Mapping filter: 'characterEncodingFilter' to: [/*]
11:26:49.779 logback-mybatis [localhost-startStop-1] INFO  o.s.b.w.s.FilterRegistrationBean - Mapping filter: 'webMvcMetricsFilter' to: [/*]
11:26:49.780 logback-mybatis [localhost-startStop-1] INFO  o.s.b.w.s.FilterRegistrationBean - Mapping filter: 'hiddenHttpMethodFilter' to: [/*]
11:26:49.781 logback-mybatis [localhost-startStop-1] INFO  o.s.b.w.s.FilterRegistrationBean - Mapping filter: 'httpPutFormContentFilter' to: [/*]
11:26:49.781 logback-mybatis [localhost-startStop-1] INFO  o.s.b.w.s.FilterRegistrationBean - Mapping filter: 'requestContextFilter' to: [/*]
11:26:49.783 logback-mybatis [localhost-startStop-1] INFO  o.s.b.w.s.FilterRegistrationBean - Mapping filter: 'httpTraceFilter' to: [/*]
11:26:49.784 logback-mybatis [localhost-startStop-1] INFO  o.s.b.w.s.ServletRegistrationBean - Servlet dispatcherServlet mapped to [/]
11:26:50.610 logback-mybatis [main] INFO  o.s.w.s.h.SimpleUrlHandlerMapping - Mapped URL path [/**/favicon.ico] onto handler of type [class org.springframework.web.servlet.resource.ResourceHttpRequestHandler]
11:26:50.966 logback-mybatis [main] INFO  o.s.w.s.m.m.a.RequestMappingHandlerAdapter - Looking for @ControllerAdvice: org.springframework.boot.web.servlet.context.AnnotationConfigServletWebServerApplicationContext@45c7e403: startup date [Mon Aug 13 11:26:42 CST 2018]; root of context hierarchy
11:26:51.148 logback-mybatis [main] INFO  o.s.w.s.m.m.a.RequestMappingHandlerMapping - Mapped "{[/author/{id}],methods=[GET]}" onto public com.example.model.Author com.example.controller.AuthorController.getOneAuthors(int)
11:26:51.154 logback-mybatis [main] INFO  o.s.w.s.m.m.a.RequestMappingHandlerMapping - Mapped "{[/error]}" onto public org.springframework.http.ResponseEntity<java.util.Map<java.lang.String, java.lang.Object>> org.springframework.boot.autoconfigure.web.servlet.error.BasicErrorController.error(javax.servlet.http.HttpServletRequest)
11:26:51.155 logback-mybatis [main] INFO  o.s.w.s.m.m.a.RequestMappingHandlerMapping - Mapped "{[/error],produces=[text/html]}" onto public org.springframework.web.servlet.ModelAndView org.springframework.boot.autoconfigure.web.servlet.error.BasicErrorController.errorHtml(javax.servlet.http.HttpServletRequest,javax.servlet.http.HttpServletResponse)
11:26:51.203 logback-mybatis [main] INFO  o.s.w.s.h.SimpleUrlHandlerMapping - Mapped URL path [/webjars/**] onto handler of type [class org.springframework.web.servlet.resource.ResourceHttpRequestHandler]
11:26:51.203 logback-mybatis [main] INFO  o.s.w.s.h.SimpleUrlHandlerMapping - Mapped URL path [/**] onto handler of type [class org.springframework.web.servlet.resource.ResourceHttpRequestHandler]
11:26:52.070 logback-mybatis [main] INFO  o.s.b.a.e.web.EndpointLinksResolver - Exposing 2 endpoint(s) beneath base path '/actuator'
11:26:52.099 logback-mybatis [main] INFO  o.s.b.a.e.w.s.WebMvcEndpointHandlerMapping - Mapped "{[/actuator/health],methods=[GET],produces=[application/vnd.spring-boot.actuator.v2+json || application/json]}" onto public java.lang.Object org.springframework.boot.actuate.endpoint.web.servlet.AbstractWebMvcEndpointHandlerMapping$OperationHandler.handle(javax.servlet.http.HttpServletRequest,java.util.Map<java.lang.String, java.lang.String>)
11:26:52.102 logback-mybatis [main] INFO  o.s.b.a.e.w.s.WebMvcEndpointHandlerMapping - Mapped "{[/actuator/info],methods=[GET],produces=[application/vnd.spring-boot.actuator.v2+json || application/json]}" onto public java.lang.Object org.springframework.boot.actuate.endpoint.web.servlet.AbstractWebMvcEndpointHandlerMapping$OperationHandler.handle(javax.servlet.http.HttpServletRequest,java.util.Map<java.lang.String, java.lang.String>)
11:26:52.104 logback-mybatis [main] INFO  o.s.b.a.e.w.s.WebMvcEndpointHandlerMapping - Mapped "{[/actuator],methods=[GET],produces=[application/vnd.spring-boot.actuator.v2+json || application/json]}" onto protected java.util.Map<java.lang.String, java.util.Map<java.lang.String, org.springframework.boot.actuate.endpoint.web.Link>> org.springframework.boot.actuate.endpoint.web.servlet.WebMvcEndpointHandlerMapping.links(javax.servlet.http.HttpServletRequest,javax.servlet.http.HttpServletResponse)
11:26:52.204 logback-mybatis [main] INFO  o.s.j.e.a.AnnotationMBeanExporter - Registering beans for JMX exposure on startup
11:26:52.208 logback-mybatis [main] INFO  o.s.j.e.a.AnnotationMBeanExporter - Bean with name 'dataSource' has been autodetected for JMX exposure
11:26:52.221 logback-mybatis [main] INFO  o.s.j.e.a.AnnotationMBeanExporter - Located MBean 'dataSource': registering with JMX server as MBean [com.zaxxer.hikari:name=dataSource,type=HikariDataSource]
11:26:52.256 logback-mybatis [main] INFO  o.a.coyote.http11.Http11NioProtocol - Starting ProtocolHandler ["http-nio-8081"]
11:26:52.283 logback-mybatis [main] INFO  o.a.tomcat.util.net.NioSelectorPool - Using a shared selector for servlet write/read
11:26:52.354 logback-mybatis [main] INFO  o.s.b.w.e.tomcat.TomcatWebServer - Tomcat started on port(s): 8081 (http) with context path ''
11:26:52.363 logback-mybatis [main] INFO  com.example.Demo2Application - Started Demo2Application in 11.475 seconds (JVM running for 12.776)
11:26:59.942 logback-mybatis [http-nio-8081-exec-9] INFO  o.a.c.c.C.[Tomcat].[localhost].[/] - Initializing Spring FrameworkServlet 'dispatcherServlet'
11:26:59.943 logback-mybatis [http-nio-8081-exec-9] INFO  o.s.web.servlet.DispatcherServlet - FrameworkServlet 'dispatcherServlet': initialization started
11:27:00.009 logback-mybatis [http-nio-8081-exec-9] INFO  o.s.web.servlet.DispatcherServlet - FrameworkServlet 'dispatcherServlet': initialization completed in 66 ms
11:27:00.161 logback-mybatis [http-nio-8081-exec-9] INFO  com.zaxxer.hikari.HikariDataSource - HikariPool-1 - Starting...
11:27:00.625 logback-mybatis [http-nio-8081-exec-9] INFO  com.zaxxer.hikari.HikariDataSource - HikariPool-1 - Start completed.
11:27:00.635 logback-mybatis [http-nio-8081-exec-9] DEBUG c.e.m.AuthorMapper.findOneAuthor - ==>  Preparing: select id, name, phone from author where id=? 
11:27:00.683 logback-mybatis [http-nio-8081-exec-9] DEBUG c.e.m.AuthorMapper.findOneAuthor - ==> Parameters: 2(Integer)
11:27:00.708 logback-mybatis [http-nio-8081-exec-9] DEBUG c.e.m.AuthorMapper.findOneAuthor - <==      Total: 1
14:24:36.390 logback-mybatis [main] INFO  com.example.Demo2Application - Starting Demo2Application on PC201803081006 with PID 2280 (E:\learn\workspace-sts-3.6.3.SR1\demo2\target\classes started by Administrator in E:\learn\workspace-sts-3.6.3.SR1\demo2)
14:24:36.399 logback-mybatis [main] INFO  com.example.Demo2Application - No active profile set, falling back to default profiles: default
14:24:36.550 logback-mybatis [main] INFO  o.s.b.w.s.c.AnnotationConfigServletWebServerApplicationContext - Refreshing org.springframework.boot.web.servlet.context.AnnotationConfigServletWebServerApplicationContext@77c2494c: startup date [Mon Aug 13 14:24:36 CST 2018]; root of context hierarchy
14:24:40.120 logback-mybatis [main] INFO  o.s.c.s.PostProcessorRegistrationDelegate$BeanPostProcessorChecker - Bean 'org.springframework.transaction.annotation.ProxyTransactionManagementConfiguration' of type [org.springframework.transaction.annotation.ProxyTransactionManagementConfiguration$$EnhancerBySpringCGLIB$$cc94182d] is not eligible for getting processed by all BeanPostProcessors (for example: not eligible for auto-proxying)
14:24:40.960 logback-mybatis [main] INFO  o.s.b.w.e.tomcat.TomcatWebServer - Tomcat initialized with port(s): 8081 (http)
14:24:40.994 logback-mybatis [main] INFO  o.a.coyote.http11.Http11NioProtocol - Initializing ProtocolHandler ["http-nio-8081"]
14:24:41.027 logback-mybatis [main] INFO  o.a.catalina.core.StandardService - Starting service [Tomcat]
14:24:41.027 logback-mybatis [main] INFO  o.a.catalina.core.StandardEngine - Starting Servlet Engine: Apache Tomcat/8.5.32
14:24:41.066 logback-mybatis [localhost-startStop-1] INFO  o.a.c.core.AprLifecycleListener - The APR based Apache Tomcat Native library which allows optimal performance in production environments was not found on the java.library.path: [C:\Program Files\Java\jre1.8.0_121\bin;C:\Windows\Sun\Java\bin;C:\Windows\system32;C:\Windows;C:/Program Files/Java/jre1.8.0_121/bin/server;C:/Program Files/Java/jre1.8.0_121/bin;C:/Program Files/Java/jre1.8.0_121/lib/amd64;D:\app\Administrator\product\11.2.0\dbhome_1\bin;C:\ProgramData\Oracle\Java\javapath;C:\Windows\system32;C:\Windows;C:\Windows\System32\Wbem;C:\Windows\System32\WindowsPowerShell\v1.0\;E:\mysql\bin;C:\Program Files\Java\jdk1.8.0_121\bin;C:\Program Files\Java\jdk1.8.0_121\lib\dt.jar;C:\Program Files\Java\jdk1.8.0_121\jre\bin;D:\apache-tomcat-7.0.57\lib;D:\apache-tomcat-7.0.57\lib\servlet-api.jar;D:\apache-tomcat-7.0.57\lib\jsp-api.jar;E:\learn\sts-bundle\sts-3.6.3.SR1;;.]
14:24:41.363 logback-mybatis [localhost-startStop-1] INFO  o.a.c.c.C.[Tomcat].[localhost].[/] - Initializing Spring embedded WebApplicationContext
14:24:41.364 logback-mybatis [localhost-startStop-1] INFO  o.s.web.context.ContextLoader - Root WebApplicationContext: initialization completed in 4814 ms
14:24:44.258 logback-mybatis [localhost-startStop-1] INFO  o.s.b.w.s.FilterRegistrationBean - Mapping filter: 'characterEncodingFilter' to: [/*]
14:24:44.259 logback-mybatis [localhost-startStop-1] INFO  o.s.b.w.s.FilterRegistrationBean - Mapping filter: 'webMvcMetricsFilter' to: [/*]
14:24:44.259 logback-mybatis [localhost-startStop-1] INFO  o.s.b.w.s.FilterRegistrationBean - Mapping filter: 'hiddenHttpMethodFilter' to: [/*]
14:24:44.259 logback-mybatis [localhost-startStop-1] INFO  o.s.b.w.s.FilterRegistrationBean - Mapping filter: 'httpPutFormContentFilter' to: [/*]
14:24:44.259 logback-mybatis [localhost-startStop-1] INFO  o.s.b.w.s.FilterRegistrationBean - Mapping filter: 'requestContextFilter' to: [/*]
14:24:44.259 logback-mybatis [localhost-startStop-1] INFO  o.s.b.w.s.FilterRegistrationBean - Mapping filter: 'httpTraceFilter' to: [/*]
14:24:44.259 logback-mybatis [localhost-startStop-1] INFO  o.s.b.w.s.ServletRegistrationBean - Servlet dispatcherServlet mapped to [/]
14:24:45.542 logback-mybatis [main] INFO  o.s.w.s.h.SimpleUrlHandlerMapping - Mapped URL path [/**/favicon.ico] onto handler of type [class org.springframework.web.servlet.resource.ResourceHttpRequestHandler]
14:24:45.960 logback-mybatis [main] INFO  o.s.w.s.m.m.a.RequestMappingHandlerAdapter - Looking for @ControllerAdvice: org.springframework.boot.web.servlet.context.AnnotationConfigServletWebServerApplicationContext@77c2494c: startup date [Mon Aug 13 14:24:36 CST 2018]; root of context hierarchy
14:24:46.168 logback-mybatis [main] INFO  o.s.w.s.m.m.a.RequestMappingHandlerMapping - Mapped "{[/author],methods=[GET]}" onto public java.util.List<com.example.model.Author> com.example.controller.AuthorController.getAllAuthors()
14:24:46.171 logback-mybatis [main] INFO  o.s.w.s.m.m.a.RequestMappingHandlerMapping - Mapped "{[/author/{id}],methods=[GET]}" onto public com.example.model.Author com.example.controller.AuthorController.getOneAuthors(int)
14:24:46.172 logback-mybatis [main] INFO  o.s.w.s.m.m.a.RequestMappingHandlerMapping - Mapped "{[/author],methods=[POST]}" onto public int com.example.controller.AuthorController.addAuthors(com.example.model.Author)
14:24:46.174 logback-mybatis [main] INFO  o.s.w.s.m.m.a.RequestMappingHandlerMapping - Mapped "{[/author/{id}],methods=[DELETE]}" onto public int com.example.controller.AuthorController.delAuthors(int)
14:24:46.193 logback-mybatis [main] INFO  o.s.w.s.m.m.a.RequestMappingHandlerMapping - Mapped "{[/error]}" onto public org.springframework.http.ResponseEntity<java.util.Map<java.lang.String, java.lang.Object>> org.springframework.boot.autoconfigure.web.servlet.error.BasicErrorController.error(javax.servlet.http.HttpServletRequest)
14:24:46.199 logback-mybatis [main] INFO  o.s.w.s.m.m.a.RequestMappingHandlerMapping - Mapped "{[/error],produces=[text/html]}" onto public org.springframework.web.servlet.ModelAndView org.springframework.boot.autoconfigure.web.servlet.error.BasicErrorController.errorHtml(javax.servlet.http.HttpServletRequest,javax.servlet.http.HttpServletResponse)
14:24:46.284 logback-mybatis [main] INFO  o.s.w.s.h.SimpleUrlHandlerMapping - Mapped URL path [/webjars/**] onto handler of type [class org.springframework.web.servlet.resource.ResourceHttpRequestHandler]
14:24:46.284 logback-mybatis [main] INFO  o.s.w.s.h.SimpleUrlHandlerMapping - Mapped URL path [/**] onto handler of type [class org.springframework.web.servlet.resource.ResourceHttpRequestHandler]
14:24:47.486 logback-mybatis [main] INFO  o.s.b.a.e.web.EndpointLinksResolver - Exposing 2 endpoint(s) beneath base path '/actuator'
14:24:47.509 logback-mybatis [main] INFO  o.s.b.a.e.w.s.WebMvcEndpointHandlerMapping - Mapped "{[/actuator/health],methods=[GET],produces=[application/vnd.spring-boot.actuator.v2+json || application/json]}" onto public java.lang.Object org.springframework.boot.actuate.endpoint.web.servlet.AbstractWebMvcEndpointHandlerMapping$OperationHandler.handle(javax.servlet.http.HttpServletRequest,java.util.Map<java.lang.String, java.lang.String>)
14:24:47.510 logback-mybatis [main] INFO  o.s.b.a.e.w.s.WebMvcEndpointHandlerMapping - Mapped "{[/actuator/info],methods=[GET],produces=[application/vnd.spring-boot.actuator.v2+json || application/json]}" onto public java.lang.Object org.springframework.boot.actuate.endpoint.web.servlet.AbstractWebMvcEndpointHandlerMapping$OperationHandler.handle(javax.servlet.http.HttpServletRequest,java.util.Map<java.lang.String, java.lang.String>)
14:24:47.520 logback-mybatis [main] INFO  o.s.b.a.e.w.s.WebMvcEndpointHandlerMapping - Mapped "{[/actuator],methods=[GET],produces=[application/vnd.spring-boot.actuator.v2+json || application/json]}" onto protected java.util.Map<java.lang.String, java.util.Map<java.lang.String, org.springframework.boot.actuate.endpoint.web.Link>> org.springframework.boot.actuate.endpoint.web.servlet.WebMvcEndpointHandlerMapping.links(javax.servlet.http.HttpServletRequest,javax.servlet.http.HttpServletResponse)
14:24:47.625 logback-mybatis [main] INFO  o.s.j.e.a.AnnotationMBeanExporter - Registering beans for JMX exposure on startup
14:24:47.628 logback-mybatis [main] INFO  o.s.j.e.a.AnnotationMBeanExporter - Bean with name 'dataSource' has been autodetected for JMX exposure
14:24:47.642 logback-mybatis [main] INFO  o.s.j.e.a.AnnotationMBeanExporter - Located MBean 'dataSource': registering with JMX server as MBean [com.zaxxer.hikari:name=dataSource,type=HikariDataSource]
14:24:47.680 logback-mybatis [main] INFO  o.a.coyote.http11.Http11NioProtocol - Starting ProtocolHandler ["http-nio-8081"]
14:24:47.698 logback-mybatis [main] INFO  o.a.tomcat.util.net.NioSelectorPool - Using a shared selector for servlet write/read
14:24:47.779 logback-mybatis [main] INFO  o.s.b.w.e.tomcat.TomcatWebServer - Tomcat started on port(s): 8081 (http) with context path ''
14:24:47.787 logback-mybatis [main] INFO  com.example.Demo2Application - Started Demo2Application in 13.019 seconds (JVM running for 14.231)
14:24:50.133 logback-mybatis [http-nio-8081-exec-9] INFO  o.a.c.c.C.[Tomcat].[localhost].[/] - Initializing Spring FrameworkServlet 'dispatcherServlet'
14:24:50.134 logback-mybatis [http-nio-8081-exec-9] INFO  o.s.web.servlet.DispatcherServlet - FrameworkServlet 'dispatcherServlet': initialization started
14:24:50.186 logback-mybatis [http-nio-8081-exec-9] INFO  o.s.web.servlet.DispatcherServlet - FrameworkServlet 'dispatcherServlet': initialization completed in 51 ms
14:24:50.344 logback-mybatis [http-nio-8081-exec-9] INFO  com.zaxxer.hikari.HikariDataSource - HikariPool-1 - Starting...
14:24:50.836 logback-mybatis [http-nio-8081-exec-9] INFO  com.zaxxer.hikari.HikariDataSource - HikariPool-1 - Start completed.
14:24:50.859 logback-mybatis [http-nio-8081-exec-9] DEBUG c.e.m.AuthorMapper.findOneAuthor - ==>  Preparing: select id, name, phone from author where id=? 
14:24:50.944 logback-mybatis [http-nio-8081-exec-9] DEBUG c.e.m.AuthorMapper.findOneAuthor - ==> Parameters: 1(Integer)
14:24:50.990 logback-mybatis [http-nio-8081-exec-9] DEBUG c.e.m.AuthorMapper.findOneAuthor - <==      Total: 1
14:24:53.798 logback-mybatis [http-nio-8081-exec-7] DEBUG c.e.m.AuthorMapper.findAllAuthors - ==>  Preparing: select id, name, phone from author 
14:24:53.799 logback-mybatis [http-nio-8081-exec-7] DEBUG c.e.m.AuthorMapper.findAllAuthors - ==> Parameters: 
14:24:53.800 logback-mybatis [http-nio-8081-exec-7] DEBUG c.e.m.AuthorMapper.findAllAuthors - <==      Total: 2
14:28:13.963 logback-mybatis [http-nio-8081-exec-3] DEBUG c.e.m.AuthorMapper.findAllAuthors - ==>  Preparing: select id, name, phone from author 
14:28:13.964 logback-mybatis [http-nio-8081-exec-3] DEBUG c.e.m.AuthorMapper.findAllAuthors - ==> Parameters: 
14:28:13.969 logback-mybatis [http-nio-8081-exec-3] DEBUG c.e.m.AuthorMapper.findAllAuthors - <==      Total: 3
14:29:35.082 logback-mybatis [main] INFO  com.example.Demo2Application - Starting Demo2Application on PC201803081006 with PID 6064 (E:\learn\workspace-sts-3.6.3.SR1\demo2\target\classes started by Administrator in E:\learn\workspace-sts-3.6.3.SR1\demo2)
14:29:35.125 logback-mybatis [main] INFO  com.example.Demo2Application - No active profile set, falling back to default profiles: default
14:29:35.610 logback-mybatis [main] INFO  o.s.b.w.s.c.AnnotationConfigServletWebServerApplicationContext - Refreshing org.springframework.boot.web.servlet.context.AnnotationConfigServletWebServerApplicationContext@57a3af25: startup date [Mon Aug 13 14:29:35 CST 2018]; root of context hierarchy
14:29:39.396 logback-mybatis [main] INFO  o.s.c.s.PostProcessorRegistrationDelegate$BeanPostProcessorChecker - Bean 'org.springframework.transaction.annotation.ProxyTransactionManagementConfiguration' of type [org.springframework.transaction.annotation.ProxyTransactionManagementConfiguration$$EnhancerBySpringCGLIB$$966683c9] is not eligible for getting processed by all BeanPostProcessors (for example: not eligible for auto-proxying)
14:29:41.371 logback-mybatis [main] INFO  o.s.b.w.e.tomcat.TomcatWebServer - Tomcat initialized with port(s): 8081 (http)
14:29:41.425 logback-mybatis [main] INFO  o.a.coyote.http11.Http11NioProtocol - Initializing ProtocolHandler ["http-nio-8081"]
14:29:41.483 logback-mybatis [main] INFO  o.a.catalina.core.StandardService - Starting service [Tomcat]
14:29:41.483 logback-mybatis [main] INFO  o.a.catalina.core.StandardEngine - Starting Servlet Engine: Apache Tomcat/8.5.32
14:29:41.951 logback-mybatis [localhost-startStop-1] INFO  o.a.c.core.AprLifecycleListener - The APR based Apache Tomcat Native library which allows optimal performance in production environments was not found on the java.library.path: [C:\Program Files\Java\jre1.8.0_121\bin;C:\Windows\Sun\Java\bin;C:\Windows\system32;C:\Windows;C:/Program Files/Java/jre1.8.0_121/bin/server;C:/Program Files/Java/jre1.8.0_121/bin;C:/Program Files/Java/jre1.8.0_121/lib/amd64;D:\app\Administrator\product\11.2.0\dbhome_1\bin;C:\ProgramData\Oracle\Java\javapath;C:\Windows\system32;C:\Windows;C:\Windows\System32\Wbem;C:\Windows\System32\WindowsPowerShell\v1.0\;E:\mysql\bin;C:\Program Files\Java\jdk1.8.0_121\bin;C:\Program Files\Java\jdk1.8.0_121\lib\dt.jar;C:\Program Files\Java\jdk1.8.0_121\jre\bin;D:\apache-tomcat-7.0.57\lib;D:\apache-tomcat-7.0.57\lib\servlet-api.jar;D:\apache-tomcat-7.0.57\lib\jsp-api.jar;E:\learn\sts-bundle\sts-3.6.3.SR1;;.]
14:29:42.339 logback-mybatis [localhost-startStop-1] INFO  o.a.c.c.C.[Tomcat].[localhost].[/] - Initializing Spring embedded WebApplicationContext
14:29:42.339 logback-mybatis [localhost-startStop-1] INFO  o.s.web.context.ContextLoader - Root WebApplicationContext: initialization completed in 6729 ms
14:29:44.871 logback-mybatis [localhost-startStop-1] INFO  o.s.b.w.s.FilterRegistrationBean - Mapping filter: 'characterEncodingFilter' to: [/*]
14:29:44.871 logback-mybatis [localhost-startStop-1] INFO  o.s.b.w.s.FilterRegistrationBean - Mapping filter: 'webMvcMetricsFilter' to: [/*]
14:29:44.872 logback-mybatis [localhost-startStop-1] INFO  o.s.b.w.s.FilterRegistrationBean - Mapping filter: 'hiddenHttpMethodFilter' to: [/*]
14:29:44.872 logback-mybatis [localhost-startStop-1] INFO  o.s.b.w.s.FilterRegistrationBean - Mapping filter: 'httpPutFormContentFilter' to: [/*]
14:29:44.872 logback-mybatis [localhost-startStop-1] INFO  o.s.b.w.s.FilterRegistrationBean - Mapping filter: 'requestContextFilter' to: [/*]
14:29:44.874 logback-mybatis [localhost-startStop-1] INFO  o.s.b.w.s.FilterRegistrationBean - Mapping filter: 'httpTraceFilter' to: [/*]
14:29:44.874 logback-mybatis [localhost-startStop-1] INFO  o.s.b.w.s.ServletRegistrationBean - Servlet dispatcherServlet mapped to [/]
14:29:46.289 logback-mybatis [main] INFO  o.s.w.s.h.SimpleUrlHandlerMapping - Mapped URL path [/**/favicon.ico] onto handler of type [class org.springframework.web.servlet.resource.ResourceHttpRequestHandler]
14:29:46.707 logback-mybatis [main] INFO  o.s.w.s.m.m.a.RequestMappingHandlerAdapter - Looking for @ControllerAdvice: org.springframework.boot.web.servlet.context.AnnotationConfigServletWebServerApplicationContext@57a3af25: startup date [Mon Aug 13 14:29:35 CST 2018]; root of context hierarchy
14:29:46.917 logback-mybatis [main] INFO  o.s.w.s.m.m.a.RequestMappingHandlerMapping - Mapped "{[/authors/{id}],methods=[GET]}" onto public int com.example.controller.AuthorController.delAuthors(int)
14:29:46.919 logback-mybatis [main] INFO  o.s.w.s.m.m.a.RequestMappingHandlerMapping - Mapped "{[/author],methods=[POST]}" onto public int com.example.controller.AuthorController.addAuthors(com.example.model.Author)
14:29:46.920 logback-mybatis [main] INFO  o.s.w.s.m.m.a.RequestMappingHandlerMapping - Mapped "{[/author/{id}],methods=[GET]}" onto public com.example.model.Author com.example.controller.AuthorController.getOneAuthors(int)
14:29:46.920 logback-mybatis [main] INFO  o.s.w.s.m.m.a.RequestMappingHandlerMapping - Mapped "{[/author],methods=[GET]}" onto public java.util.List<com.example.model.Author> com.example.controller.AuthorController.getAllAuthors()
14:29:46.930 logback-mybatis [main] INFO  o.s.w.s.m.m.a.RequestMappingHandlerMapping - Mapped "{[/error]}" onto public org.springframework.http.ResponseEntity<java.util.Map<java.lang.String, java.lang.Object>> org.springframework.boot.autoconfigure.web.servlet.error.BasicErrorController.error(javax.servlet.http.HttpServletRequest)
14:29:46.936 logback-mybatis [main] INFO  o.s.w.s.m.m.a.RequestMappingHandlerMapping - Mapped "{[/error],produces=[text/html]}" onto public org.springframework.web.servlet.ModelAndView org.springframework.boot.autoconfigure.web.servlet.error.BasicErrorController.errorHtml(javax.servlet.http.HttpServletRequest,javax.servlet.http.HttpServletResponse)
14:29:47.052 logback-mybatis [main] INFO  o.s.w.s.h.SimpleUrlHandlerMapping - Mapped URL path [/webjars/**] onto handler of type [class org.springframework.web.servlet.resource.ResourceHttpRequestHandler]
14:29:47.052 logback-mybatis [main] INFO  o.s.w.s.h.SimpleUrlHandlerMapping - Mapped URL path [/**] onto handler of type [class org.springframework.web.servlet.resource.ResourceHttpRequestHandler]
14:29:48.367 logback-mybatis [main] INFO  o.s.b.a.e.web.EndpointLinksResolver - Exposing 2 endpoint(s) beneath base path '/actuator'
14:29:48.388 logback-mybatis [main] INFO  o.s.b.a.e.w.s.WebMvcEndpointHandlerMapping - Mapped "{[/actuator/health],methods=[GET],produces=[application/vnd.spring-boot.actuator.v2+json || application/json]}" onto public java.lang.Object org.springframework.boot.actuate.endpoint.web.servlet.AbstractWebMvcEndpointHandlerMapping$OperationHandler.handle(javax.servlet.http.HttpServletRequest,java.util.Map<java.lang.String, java.lang.String>)
14:29:48.390 logback-mybatis [main] INFO  o.s.b.a.e.w.s.WebMvcEndpointHandlerMapping - Mapped "{[/actuator/info],methods=[GET],produces=[application/vnd.spring-boot.actuator.v2+json || application/json]}" onto public java.lang.Object org.springframework.boot.actuate.endpoint.web.servlet.AbstractWebMvcEndpointHandlerMapping$OperationHandler.handle(javax.servlet.http.HttpServletRequest,java.util.Map<java.lang.String, java.lang.String>)
14:29:48.392 logback-mybatis [main] INFO  o.s.b.a.e.w.s.WebMvcEndpointHandlerMapping - Mapped "{[/actuator],methods=[GET],produces=[application/vnd.spring-boot.actuator.v2+json || application/json]}" onto protected java.util.Map<java.lang.String, java.util.Map<java.lang.String, org.springframework.boot.actuate.endpoint.web.Link>> org.springframework.boot.actuate.endpoint.web.servlet.WebMvcEndpointHandlerMapping.links(javax.servlet.http.HttpServletRequest,javax.servlet.http.HttpServletResponse)
14:29:48.506 logback-mybatis [main] INFO  o.s.j.e.a.AnnotationMBeanExporter - Registering beans for JMX exposure on startup
14:29:48.509 logback-mybatis [main] INFO  o.s.j.e.a.AnnotationMBeanExporter - Bean with name 'dataSource' has been autodetected for JMX exposure
14:29:48.524 logback-mybatis [main] INFO  o.s.j.e.a.AnnotationMBeanExporter - Located MBean 'dataSource': registering with JMX server as MBean [com.zaxxer.hikari:name=dataSource,type=HikariDataSource]
14:29:48.560 logback-mybatis [main] INFO  o.a.coyote.http11.Http11NioProtocol - Starting ProtocolHandler ["http-nio-8081"]
14:29:48.596 logback-mybatis [main] INFO  o.a.tomcat.util.net.NioSelectorPool - Using a shared selector for servlet write/read
14:29:48.741 logback-mybatis [main] INFO  o.s.b.w.e.tomcat.TomcatWebServer - Tomcat started on port(s): 8081 (http) with context path ''
14:29:48.775 logback-mybatis [main] INFO  com.example.Demo2Application - Started Demo2Application in 14.942 seconds (JVM running for 16.194)
14:29:48.969 logback-mybatis [http-nio-8081-exec-9] INFO  o.a.c.c.C.[Tomcat].[localhost].[/] - Initializing Spring FrameworkServlet 'dispatcherServlet'
14:29:48.973 logback-mybatis [http-nio-8081-exec-9] INFO  o.s.web.servlet.DispatcherServlet - FrameworkServlet 'dispatcherServlet': initialization started
14:29:49.029 logback-mybatis [http-nio-8081-exec-9] INFO  o.s.web.servlet.DispatcherServlet - FrameworkServlet 'dispatcherServlet': initialization completed in 56 ms
14:29:49.228 logback-mybatis [http-nio-8081-exec-9] INFO  com.zaxxer.hikari.HikariDataSource - HikariPool-1 - Starting...
14:29:49.856 logback-mybatis [http-nio-8081-exec-9] INFO  com.zaxxer.hikari.HikariDataSource - HikariPool-1 - Start completed.
14:29:49.866 logback-mybatis [http-nio-8081-exec-9] DEBUG c.e.m.AuthorMapper.findAllAuthors - ==>  Preparing: select id, name, phone from author 
14:29:49.908 logback-mybatis [http-nio-8081-exec-9] DEBUG c.e.m.AuthorMapper.findAllAuthors - ==> Parameters: 
14:29:49.944 logback-mybatis [http-nio-8081-exec-9] DEBUG c.e.m.AuthorMapper.findAllAuthors - <==      Total: 3
14:29:54.118 logback-mybatis [http-nio-8081-exec-7] DEBUG c.e.mapper.AuthorMapper.deleteAuthor - ==>  Preparing: delete from author where id=? 
14:29:54.127 logback-mybatis [http-nio-8081-exec-7] DEBUG c.e.mapper.AuthorMapper.deleteAuthor - ==> Parameters: 3(Integer)
14:29:54.225 logback-mybatis [http-nio-8081-exec-7] DEBUG c.e.mapper.AuthorMapper.deleteAuthor - <==    Updates: 1
14:29:59.628 logback-mybatis [http-nio-8081-exec-3] DEBUG c.e.m.AuthorMapper.findAllAuthors - ==>  Preparing: select id, name, phone from author 
14:29:59.628 logback-mybatis [http-nio-8081-exec-3] DEBUG c.e.m.AuthorMapper.findAllAuthors - ==> Parameters: 
14:29:59.631 logback-mybatis [http-nio-8081-exec-3] DEBUG c.e.m.AuthorMapper.findAllAuthors - <==      Total: 2
15:07:05.153 logback-mybatis [http-nio-8081-exec-8] DEBUG c.e.m.AuthorMapper.findAllAuthors - ==>  Preparing: select id, name, phone from author 
15:07:05.154 logback-mybatis [http-nio-8081-exec-8] DEBUG c.e.m.AuthorMapper.findAllAuthors - ==> Parameters: 
15:07:05.173 logback-mybatis [http-nio-8081-exec-8] DEBUG c.e.m.AuthorMapper.findAllAuthors - <==      Total: 2
15:07:35.825 logback-mybatis [http-nio-8081-exec-4] DEBUG c.e.m.AuthorMapper.findOneAuthor - ==>  Preparing: select id, name, phone from author where id=? 
15:07:35.826 logback-mybatis [http-nio-8081-exec-4] DEBUG c.e.m.AuthorMapper.findOneAuthor - ==> Parameters: 1(Integer)
15:07:35.827 logback-mybatis [http-nio-8081-exec-4] DEBUG c.e.m.AuthorMapper.findOneAuthor - <==      Total: 1
15:07:40.530 logback-mybatis [http-nio-8081-exec-2] DEBUG c.e.m.AuthorMapper.findOneAuthor - ==>  Preparing: select id, name, phone from author where id=? 
15:07:40.541 logback-mybatis [http-nio-8081-exec-2] DEBUG c.e.m.AuthorMapper.findOneAuthor - ==> Parameters: 2(Integer)
15:07:40.543 logback-mybatis [http-nio-8081-exec-2] DEBUG c.e.m.AuthorMapper.findOneAuthor - <==      Total: 1
15:24:01.409 logback-mybatis [main] INFO  com.example.Demo2Application - Starting Demo2Application on PC201803081006 with PID 5540 (E:\learn\workspace-sts-3.6.3.SR1\demo2\target\classes started by Administrator in E:\learn\workspace-sts-3.6.3.SR1\demo2)
15:24:01.422 logback-mybatis [main] INFO  com.example.Demo2Application - No active profile set, falling back to default profiles: default
15:24:01.575 logback-mybatis [main] INFO  o.s.b.w.s.c.AnnotationConfigServletWebServerApplicationContext - Refreshing org.springframework.boot.web.servlet.context.AnnotationConfigServletWebServerApplicationContext@36fc695d: startup date [Mon Aug 13 15:24:01 CST 2018]; root of context hierarchy
15:24:05.427 logback-mybatis [main] INFO  o.s.c.s.PostProcessorRegistrationDelegate$BeanPostProcessorChecker - Bean 'org.springframework.transaction.annotation.ProxyTransactionManagementConfiguration' of type [org.springframework.transaction.annotation.ProxyTransactionManagementConfiguration$$EnhancerBySpringCGLIB$$cd774351] is not eligible for getting processed by all BeanPostProcessors (for example: not eligible for auto-proxying)
15:24:06.579 logback-mybatis [main] INFO  o.s.b.w.e.tomcat.TomcatWebServer - Tomcat initialized with port(s): 8081 (http)
15:24:06.610 logback-mybatis [main] INFO  o.a.coyote.http11.Http11NioProtocol - Initializing ProtocolHandler ["http-nio-8081"]
15:24:06.639 logback-mybatis [main] INFO  o.a.catalina.core.StandardService - Starting service [Tomcat]
15:24:06.639 logback-mybatis [main] INFO  o.a.catalina.core.StandardEngine - Starting Servlet Engine: Apache Tomcat/8.5.32
15:24:06.672 logback-mybatis [localhost-startStop-1] INFO  o.a.c.core.AprLifecycleListener - The APR based Apache Tomcat Native library which allows optimal performance in production environments was not found on the java.library.path: [C:\Program Files\Java\jre1.8.0_121\bin;C:\Windows\Sun\Java\bin;C:\Windows\system32;C:\Windows;C:/Program Files/Java/jre1.8.0_121/bin/server;C:/Program Files/Java/jre1.8.0_121/bin;C:/Program Files/Java/jre1.8.0_121/lib/amd64;D:\app\Administrator\product\11.2.0\dbhome_1\bin;C:\ProgramData\Oracle\Java\javapath;C:\Windows\system32;C:\Windows;C:\Windows\System32\Wbem;C:\Windows\System32\WindowsPowerShell\v1.0\;E:\mysql\bin;C:\Program Files\Java\jdk1.8.0_121\bin;C:\Program Files\Java\jdk1.8.0_121\lib\dt.jar;C:\Program Files\Java\jdk1.8.0_121\jre\bin;D:\apache-tomcat-7.0.57\lib;D:\apache-tomcat-7.0.57\lib\servlet-api.jar;D:\apache-tomcat-7.0.57\lib\jsp-api.jar;E:\learn\sts-bundle\sts-3.6.3.SR1;;.]
15:24:06.987 logback-mybatis [localhost-startStop-1] INFO  o.a.c.c.C.[Tomcat].[localhost].[/] - Initializing Spring embedded WebApplicationContext
15:24:06.987 logback-mybatis [localhost-startStop-1] INFO  o.s.web.context.ContextLoader - Root WebApplicationContext: initialization completed in 5412 ms
15:24:09.222 logback-mybatis [localhost-startStop-1] INFO  o.s.b.w.s.FilterRegistrationBean - Mapping filter: 'characterEncodingFilter' to: [/*]
15:24:09.223 logback-mybatis [localhost-startStop-1] INFO  o.s.b.w.s.FilterRegistrationBean - Mapping filter: 'webMvcMetricsFilter' to: [/*]
15:24:09.224 logback-mybatis [localhost-startStop-1] INFO  o.s.b.w.s.FilterRegistrationBean - Mapping filter: 'hiddenHttpMethodFilter' to: [/*]
15:24:09.224 logback-mybatis [localhost-startStop-1] INFO  o.s.b.w.s.FilterRegistrationBean - Mapping filter: 'httpPutFormContentFilter' to: [/*]
15:24:09.224 logback-mybatis [localhost-startStop-1] INFO  o.s.b.w.s.FilterRegistrationBean - Mapping filter: 'requestContextFilter' to: [/*]
15:24:09.225 logback-mybatis [localhost-startStop-1] INFO  o.s.b.w.s.FilterRegistrationBean - Mapping filter: 'httpTraceFilter' to: [/*]
15:24:09.226 logback-mybatis [localhost-startStop-1] INFO  o.s.b.w.s.ServletRegistrationBean - Servlet dispatcherServlet mapped to [/]
15:24:10.140 logback-mybatis [main] INFO  o.s.w.s.h.SimpleUrlHandlerMapping - Mapped URL path [/**/favicon.ico] onto handler of type [class org.springframework.web.servlet.resource.ResourceHttpRequestHandler]
15:24:10.530 logback-mybatis [main] INFO  o.s.w.s.m.m.a.RequestMappingHandlerAdapter - Looking for @ControllerAdvice: org.springframework.boot.web.servlet.context.AnnotationConfigServletWebServerApplicationContext@36fc695d: startup date [Mon Aug 13 15:24:01 CST 2018]; root of context hierarchy
15:24:10.753 logback-mybatis [main] INFO  o.s.w.s.m.m.a.RequestMappingHandlerMapping - Mapped "{[/author/{id}],methods=[GET]}" onto public com.example.model.Author com.example.controller.AuthorController.getOneAuthors(int)
15:24:10.755 logback-mybatis [main] INFO  o.s.w.s.m.m.a.RequestMappingHandlerMapping - Mapped "{[/author],methods=[POST],consumes=[application/json]}" onto public int com.example.controller.AuthorController.addAuthors(com.example.model.Author)
15:24:10.756 logback-mybatis [main] INFO  o.s.w.s.m.m.a.RequestMappingHandlerMapping - Mapped "{[/author],methods=[GET]}" onto public java.util.List<com.example.model.Author> com.example.controller.AuthorController.getAllAuthors()
15:24:10.757 logback-mybatis [main] INFO  o.s.w.s.m.m.a.RequestMappingHandlerMapping - Mapped "{[/authors/{id}],methods=[DELETE]}" onto public int com.example.controller.AuthorController.delAuthors(int)
15:24:10.769 logback-mybatis [main] INFO  o.s.w.s.m.m.a.RequestMappingHandlerMapping - Mapped "{[/error]}" onto public org.springframework.http.ResponseEntity<java.util.Map<java.lang.String, java.lang.Object>> org.springframework.boot.autoconfigure.web.servlet.error.BasicErrorController.error(javax.servlet.http.HttpServletRequest)
15:24:10.770 logback-mybatis [main] INFO  o.s.w.s.m.m.a.RequestMappingHandlerMapping - Mapped "{[/error],produces=[text/html]}" onto public org.springframework.web.servlet.ModelAndView org.springframework.boot.autoconfigure.web.servlet.error.BasicErrorController.errorHtml(javax.servlet.http.HttpServletRequest,javax.servlet.http.HttpServletResponse)
15:24:10.849 logback-mybatis [main] INFO  o.s.w.s.h.SimpleUrlHandlerMapping - Mapped URL path [/webjars/**] onto handler of type [class org.springframework.web.servlet.resource.ResourceHttpRequestHandler]
15:24:10.849 logback-mybatis [main] INFO  o.s.w.s.h.SimpleUrlHandlerMapping - Mapped URL path [/**] onto handler of type [class org.springframework.web.servlet.resource.ResourceHttpRequestHandler]
15:24:11.885 logback-mybatis [main] INFO  o.s.b.a.e.web.EndpointLinksResolver - Exposing 2 endpoint(s) beneath base path '/actuator'
15:24:11.910 logback-mybatis [main] INFO  o.s.b.a.e.w.s.WebMvcEndpointHandlerMapping - Mapped "{[/actuator/health],methods=[GET],produces=[application/vnd.spring-boot.actuator.v2+json || application/json]}" onto public java.lang.Object org.springframework.boot.actuate.endpoint.web.servlet.AbstractWebMvcEndpointHandlerMapping$OperationHandler.handle(javax.servlet.http.HttpServletRequest,java.util.Map<java.lang.String, java.lang.String>)
15:24:11.913 logback-mybatis [main] INFO  o.s.b.a.e.w.s.WebMvcEndpointHandlerMapping - Mapped "{[/actuator/info],methods=[GET],produces=[application/vnd.spring-boot.actuator.v2+json || application/json]}" onto public java.lang.Object org.springframework.boot.actuate.endpoint.web.servlet.AbstractWebMvcEndpointHandlerMapping$OperationHandler.handle(javax.servlet.http.HttpServletRequest,java.util.Map<java.lang.String, java.lang.String>)
15:24:11.914 logback-mybatis [main] INFO  o.s.b.a.e.w.s.WebMvcEndpointHandlerMapping - Mapped "{[/actuator],methods=[GET],produces=[application/vnd.spring-boot.actuator.v2+json || application/json]}" onto protected java.util.Map<java.lang.String, java.util.Map<java.lang.String, org.springframework.boot.actuate.endpoint.web.Link>> org.springframework.boot.actuate.endpoint.web.servlet.WebMvcEndpointHandlerMapping.links(javax.servlet.http.HttpServletRequest,javax.servlet.http.HttpServletResponse)
15:24:11.999 logback-mybatis [main] INFO  o.s.j.e.a.AnnotationMBeanExporter - Registering beans for JMX exposure on startup
15:24:12.002 logback-mybatis [main] INFO  o.s.j.e.a.AnnotationMBeanExporter - Bean with name 'dataSource' has been autodetected for JMX exposure
15:24:12.013 logback-mybatis [main] INFO  o.s.j.e.a.AnnotationMBeanExporter - Located MBean 'dataSource': registering with JMX server as MBean [com.zaxxer.hikari:name=dataSource,type=HikariDataSource]
15:24:12.054 logback-mybatis [main] INFO  o.a.coyote.http11.Http11NioProtocol - Starting ProtocolHandler ["http-nio-8081"]
15:24:12.069 logback-mybatis [main] INFO  o.a.tomcat.util.net.NioSelectorPool - Using a shared selector for servlet write/read
15:24:12.116 logback-mybatis [main] INFO  o.s.b.w.e.tomcat.TomcatWebServer - Tomcat started on port(s): 8081 (http) with context path ''
15:24:12.122 logback-mybatis [main] INFO  com.example.Demo2Application - Started Demo2Application in 11.944 seconds (JVM running for 13.232)
15:24:22.384 logback-mybatis [http-nio-8081-exec-7] INFO  o.a.c.c.C.[Tomcat].[localhost].[/] - Initializing Spring FrameworkServlet 'dispatcherServlet'
15:24:22.384 logback-mybatis [http-nio-8081-exec-7] INFO  o.s.web.servlet.DispatcherServlet - FrameworkServlet 'dispatcherServlet': initialization started
15:24:22.431 logback-mybatis [http-nio-8081-exec-7] INFO  o.s.web.servlet.DispatcherServlet - FrameworkServlet 'dispatcherServlet': initialization completed in 47 ms
15:24:22.804 logback-mybatis [http-nio-8081-exec-7] INFO  com.zaxxer.hikari.HikariDataSource - HikariPool-1 - Starting...
15:24:23.240 logback-mybatis [http-nio-8081-exec-7] INFO  com.zaxxer.hikari.HikariDataSource - HikariPool-1 - Start completed.
15:24:23.252 logback-mybatis [http-nio-8081-exec-7] DEBUG c.e.mapper.AuthorMapper.insertAuthor - ==>  Preparing: insert into author(name,phone) values(?,?) 
15:24:23.288 logback-mybatis [http-nio-8081-exec-7] DEBUG c.e.mapper.AuthorMapper.insertAuthor - ==> Parameters: 老板(String), 666666(String)
15:24:23.373 logback-mybatis [http-nio-8081-exec-7] DEBUG c.e.mapper.AuthorMapper.insertAuthor - <==    Updates: 1
15:26:11.221 logback-mybatis [http-nio-8081-exec-1] DEBUG c.e.mapper.AuthorMapper.deleteAuthor - ==>  Preparing: delete from author where id=? 
15:26:11.222 logback-mybatis [http-nio-8081-exec-1] DEBUG c.e.mapper.AuthorMapper.deleteAuthor - ==> Parameters: 5(Integer)
15:26:11.251 logback-mybatis [http-nio-8081-exec-1] DEBUG c.e.mapper.AuthorMapper.deleteAuthor - <==    Updates: 1
